
==========================================================================
global place report_tns
--------------------------------------------------------------------------
tns 0.00

==========================================================================
global place report_wns
--------------------------------------------------------------------------
wns 0.00

==========================================================================
global place report_worst_slack
--------------------------------------------------------------------------
worst slack 73.53

==========================================================================
global place report_checks -path_delay min
--------------------------------------------------------------------------
Startpoint: B[0] (input port clocked by core_clock)
Endpoint: S[0] (output port clocked by core_clock)
Path Group: core_clock
Path Type: min

Fanout     Cap    Slew   Delay    Time   Description
-----------------------------------------------------------------------------
                  0.00    0.00    0.00   clock core_clock (rise edge)
                          0.00    0.00   clock network delay (ideal)
                         25.00   25.00 ^ input external delay
     2    0.01    0.00    0.00   25.00 ^ B[0] (in)
                                         B[0] (net)
                  0.00    0.00   25.00 ^ _345_/A (sg13g2_xnor2_1)
     1    0.00    0.02    0.04   25.04 v _345_/Y (sg13g2_xnor2_1)
                                         S[0] (net)
                  0.02    0.00   25.04 v S[0] (out)
                                 25.04   data arrival time

                  0.00    0.00    0.00   clock core_clock (rise edge)
                          0.00    0.00   clock network delay (ideal)
                          0.00    0.00   clock reconvergence pessimism
                        -25.00  -25.00   output external delay
                                -25.00   data required time
-----------------------------------------------------------------------------
                                -25.00   data required time
                                -25.04   data arrival time
-----------------------------------------------------------------------------
                                 50.04   slack (MET)



==========================================================================
global place report_checks -path_delay max
--------------------------------------------------------------------------
Startpoint: A[2] (input port clocked by core_clock)
Endpoint: S[31] (output port clocked by core_clock)
Path Group: core_clock
Path Type: max

Fanout     Cap    Slew   Delay    Time   Description
-----------------------------------------------------------------------------
                  0.00    0.00    0.00   clock core_clock (rise edge)
                          0.00    0.00   clock network delay (ideal)
                         25.00   25.00 ^ input external delay
     4    0.02    0.00    0.00   25.00 ^ A[2] (in)
                                         A[2] (net)
                  0.00    0.00   25.00 ^ _247_/B (sg13g2_xor2_1)
     2    0.01    0.10    0.11   25.11 ^ _247_/X (sg13g2_xor2_1)
                                         _034_ (net)
                  0.10    0.00   25.11 ^ _248_/C (sg13g2_nand3b_1)
     1    0.00    0.06    0.10   25.22 v _248_/Y (sg13g2_nand3b_1)
                                         _035_ (net)
                  0.06    0.00   25.22 v _252_/A2 (sg13g2_o21ai_1)
     6    0.02    0.24    0.22   25.44 ^ _252_/Y (sg13g2_o21ai_1)
                                         _039_ (net)
                  0.24    0.00   25.44 ^ _268_/A1 (sg13g2_a21o_1)
     3    0.01    0.07    0.20   25.63 ^ _268_/X (sg13g2_a21o_1)
                                         _055_ (net)
                  0.07    0.00   25.63 ^ _269_/B2 (sg13g2_a22oi_1)
     2    0.01    0.11    0.10   25.73 v _269_/Y (sg13g2_a22oi_1)
                                         _056_ (net)
                  0.11    0.00   25.73 v _299_/A1 (sg13g2_a21oi_2)
     4    0.02    0.10    0.12   25.86 ^ _299_/Y (sg13g2_a21oi_2)
                                         _086_ (net)
                  0.10    0.00   25.86 ^ _318_/A1 (sg13g2_o21ai_1)
     4    0.02    0.11    0.14   26.00 v _318_/Y (sg13g2_o21ai_1)
                                         _105_ (net)
                  0.11    0.00   26.00 v _327_/A2 (sg13g2_a221oi_1)
     1    0.00    0.11    0.17   26.17 ^ _327_/Y (sg13g2_a221oi_1)
                                         _114_ (net)
                  0.11    0.00   26.17 ^ _335_/A (sg13g2_nor3_1)
     2    0.01    0.06    0.09   26.25 v _335_/Y (sg13g2_nor3_1)
                                         _122_ (net)
                  0.06    0.00   26.25 v _341_/A2 (sg13g2_a21o_1)
     2    0.01    0.04    0.14   26.39 v _341_/X (sg13g2_a21o_1)
                                         _128_ (net)
                  0.04    0.00   26.39 v _437_/A (sg13g2_xnor2_1)
     1    0.00    0.03    0.08   26.47 v _437_/Y (sg13g2_xnor2_1)
                                         S[31] (net)
                  0.03    0.00   26.47 v S[31] (out)
                                 26.47   data arrival time

                  0.00  125.00  125.00   clock core_clock (rise edge)
                          0.00  125.00   clock network delay (ideal)
                          0.00  125.00   clock reconvergence pessimism
                        -25.00  100.00   output external delay
                                100.00   data required time
-----------------------------------------------------------------------------
                                100.00   data required time
                                -26.47   data arrival time
-----------------------------------------------------------------------------
                                 73.53   slack (MET)



==========================================================================
global place report_checks -unconstrained
--------------------------------------------------------------------------
Startpoint: A[2] (input port clocked by core_clock)
Endpoint: S[31] (output port clocked by core_clock)
Path Group: core_clock
Path Type: max

Fanout     Cap    Slew   Delay    Time   Description
-----------------------------------------------------------------------------
                  0.00    0.00    0.00   clock core_clock (rise edge)
                          0.00    0.00   clock network delay (ideal)
                         25.00   25.00 ^ input external delay
     4    0.02    0.00    0.00   25.00 ^ A[2] (in)
                                         A[2] (net)
                  0.00    0.00   25.00 ^ _247_/B (sg13g2_xor2_1)
     2    0.01    0.10    0.11   25.11 ^ _247_/X (sg13g2_xor2_1)
                                         _034_ (net)
                  0.10    0.00   25.11 ^ _248_/C (sg13g2_nand3b_1)
     1    0.00    0.06    0.10   25.22 v _248_/Y (sg13g2_nand3b_1)
                                         _035_ (net)
                  0.06    0.00   25.22 v _252_/A2 (sg13g2_o21ai_1)
     6    0.02    0.24    0.22   25.44 ^ _252_/Y (sg13g2_o21ai_1)
                                         _039_ (net)
                  0.24    0.00   25.44 ^ _268_/A1 (sg13g2_a21o_1)
     3    0.01    0.07    0.20   25.63 ^ _268_/X (sg13g2_a21o_1)
                                         _055_ (net)
                  0.07    0.00   25.63 ^ _269_/B2 (sg13g2_a22oi_1)
     2    0.01    0.11    0.10   25.73 v _269_/Y (sg13g2_a22oi_1)
                                         _056_ (net)
                  0.11    0.00   25.73 v _299_/A1 (sg13g2_a21oi_2)
     4    0.02    0.10    0.12   25.86 ^ _299_/Y (sg13g2_a21oi_2)
                                         _086_ (net)
                  0.10    0.00   25.86 ^ _318_/A1 (sg13g2_o21ai_1)
     4    0.02    0.11    0.14   26.00 v _318_/Y (sg13g2_o21ai_1)
                                         _105_ (net)
                  0.11    0.00   26.00 v _327_/A2 (sg13g2_a221oi_1)
     1    0.00    0.11    0.17   26.17 ^ _327_/Y (sg13g2_a221oi_1)
                                         _114_ (net)
                  0.11    0.00   26.17 ^ _335_/A (sg13g2_nor3_1)
     2    0.01    0.06    0.09   26.25 v _335_/Y (sg13g2_nor3_1)
                                         _122_ (net)
                  0.06    0.00   26.25 v _341_/A2 (sg13g2_a21o_1)
     2    0.01    0.04    0.14   26.39 v _341_/X (sg13g2_a21o_1)
                                         _128_ (net)
                  0.04    0.00   26.39 v _437_/A (sg13g2_xnor2_1)
     1    0.00    0.03    0.08   26.47 v _437_/Y (sg13g2_xnor2_1)
                                         S[31] (net)
                  0.03    0.00   26.47 v S[31] (out)
                                 26.47   data arrival time

                  0.00  125.00  125.00   clock core_clock (rise edge)
                          0.00  125.00   clock network delay (ideal)
                          0.00  125.00   clock reconvergence pessimism
                        -25.00  100.00   output external delay
                                100.00   data required time
-----------------------------------------------------------------------------
                                100.00   data required time
                                -26.47   data arrival time
-----------------------------------------------------------------------------
                                 73.53   slack (MET)



==========================================================================
global place report_power
--------------------------------------------------------------------------
Group                  Internal  Switching    Leakage      Total
                          Power      Power      Power      Power (Watts)
----------------------------------------------------------------
Sequential             0.00e+00   0.00e+00   0.00e+00   0.00e+00   0.0%
Combinational          2.18e-06   1.35e-06   3.27e-08   3.57e-06 100.0%
Clock                  0.00e+00   0.00e+00   0.00e+00   0.00e+00   0.0%
Macro                  0.00e+00   0.00e+00   0.00e+00   0.00e+00   0.0%
Pad                    0.00e+00   0.00e+00   0.00e+00   0.00e+00   0.0%
----------------------------------------------------------------
Total                  2.18e-06   1.35e-06   3.27e-08   3.57e-06 100.0%
                          61.2%      37.9%       0.9%
