
==========================================================================
global route report_tns
--------------------------------------------------------------------------
tns 0.00

==========================================================================
global route report_wns
--------------------------------------------------------------------------
wns 0.00

==========================================================================
global route report_worst_slack
--------------------------------------------------------------------------
worst slack 73.18

==========================================================================
global route report_clock_skew
--------------------------------------------------------------------------
Clock core_clock
No launch/capture paths found.


==========================================================================
global route report_checks -path_delay min
--------------------------------------------------------------------------
Startpoint: A[31] (input port clocked by core_clock)
Endpoint: Co (output port clocked by core_clock)
Path Group: core_clock
Path Type: min

Fanout     Cap    Slew   Delay    Time   Description
-----------------------------------------------------------------------------
                  0.00    0.00    0.00   clock core_clock (rise edge)
                          0.00    0.00   clock network delay (ideal)
                         25.00   25.00 ^ input external delay
     1    0.01    0.00    0.00   25.00 ^ A[31] (in)
                                         A[31] (net)
                  0.00    0.00   25.00 ^ input25/A (sg13g2_buf_1)
     3    0.01    0.06    0.08   25.08 ^ input25/X (sg13g2_buf_1)
                                         net25 (net)
                  0.06    0.00   25.08 ^ _342_/B (sg13g2_nor2_1)
     1    0.00    0.02    0.04   25.12 v _342_/Y (sg13g2_nor2_1)
                                         _129_ (net)
                  0.02    0.00   25.12 v _343_/B1 (sg13g2_a21oi_1)
     1    0.00    0.04    0.04   25.16 ^ _343_/Y (sg13g2_a21oi_1)
                                         net66 (net)
                  0.04    0.00   25.16 ^ output66/A (sg13g2_buf_1)
     1    0.01    0.03    0.07   25.23 ^ output66/X (sg13g2_buf_1)
                                         Co (net)
                  0.03    0.00   25.23 ^ Co (out)
                                 25.23   data arrival time

                  0.00    0.00    0.00   clock core_clock (rise edge)
                          0.00    0.00   clock network delay (ideal)
                          0.00    0.00   clock reconvergence pessimism
                        -25.00  -25.00   output external delay
                                -25.00   data required time
-----------------------------------------------------------------------------
                                -25.00   data required time
                                -25.23   data arrival time
-----------------------------------------------------------------------------
                                 50.23   slack (MET)



==========================================================================
global route report_checks -path_delay max
--------------------------------------------------------------------------
Startpoint: A[2] (input port clocked by core_clock)
Endpoint: Co (output port clocked by core_clock)
Path Group: core_clock
Path Type: max

Fanout     Cap    Slew   Delay    Time   Description
-----------------------------------------------------------------------------
                  0.00    0.00    0.00   clock core_clock (rise edge)
                          0.00    0.00   clock network delay (ideal)
                         25.00   25.00 ^ input external delay
     1    0.01    0.00    0.00   25.00 ^ A[2] (in)
                                         A[2] (net)
                  0.00    0.00   25.00 ^ input23/A (sg13g2_buf_1)
     4    0.02    0.07    0.09   25.09 ^ input23/X (sg13g2_buf_1)
                                         net23 (net)
                  0.07    0.00   25.09 ^ _247_/B (sg13g2_xor2_1)
     2    0.01    0.10    0.15   25.23 ^ _247_/X (sg13g2_xor2_1)
                                         _034_ (net)
                  0.10    0.00   25.23 ^ _248_/C (sg13g2_nand3b_1)
     1    0.00    0.07    0.12   25.35 v _248_/Y (sg13g2_nand3b_1)
                                         _035_ (net)
                  0.07    0.00   25.35 v _252_/A2 (sg13g2_o21ai_1)
     6    0.02    0.27    0.25   25.59 ^ _252_/Y (sg13g2_o21ai_1)
                                         _039_ (net)
                  0.27    0.00   25.59 ^ _268_/A1 (sg13g2_a21o_1)
     3    0.02    0.09    0.22   25.81 ^ _268_/X (sg13g2_a21o_1)
                                         _055_ (net)
                  0.09    0.00   25.81 ^ _269_/B2 (sg13g2_a22oi_1)
     2    0.01    0.11    0.11   25.93 v _269_/Y (sg13g2_a22oi_1)
                                         _056_ (net)
                  0.11    0.00   25.93 v _299_/A1 (sg13g2_a21oi_2)
     4    0.02    0.11    0.13   26.06 ^ _299_/Y (sg13g2_a21oi_2)
                                         _086_ (net)
                  0.11    0.00   26.06 ^ _318_/A1 (sg13g2_o21ai_1)
     4    0.02    0.13    0.16   26.22 v _318_/Y (sg13g2_o21ai_1)
                                         _105_ (net)
                  0.13    0.00   26.22 v _327_/A2 (sg13g2_a221oi_1)
     1    0.00    0.13    0.19   26.41 ^ _327_/Y (sg13g2_a221oi_1)
                                         _114_ (net)
                  0.13    0.00   26.41 ^ _335_/A (sg13g2_nor3_1)
     2    0.01    0.06    0.10   26.51 v _335_/Y (sg13g2_nor3_1)
                                         _122_ (net)
                  0.06    0.00   26.51 v _341_/A2 (sg13g2_a21o_1)
     2    0.01    0.05    0.15   26.66 v _341_/X (sg13g2_a21o_1)
                                         _128_ (net)
                  0.05    0.00   26.66 v _343_/A2 (sg13g2_a21oi_1)
     1    0.00    0.06    0.08   26.74 ^ _343_/Y (sg13g2_a21oi_1)
                                         net66 (net)
                  0.06    0.00   26.74 ^ output66/A (sg13g2_buf_1)
     1    0.01    0.03    0.08   26.82 ^ output66/X (sg13g2_buf_1)
                                         Co (net)
                  0.03    0.00   26.82 ^ Co (out)
                                 26.82   data arrival time

                  0.00  125.00  125.00   clock core_clock (rise edge)
                          0.00  125.00   clock network delay (ideal)
                          0.00  125.00   clock reconvergence pessimism
                        -25.00  100.00   output external delay
                                100.00   data required time
-----------------------------------------------------------------------------
                                100.00   data required time
                                -26.82   data arrival time
-----------------------------------------------------------------------------
                                 73.18   slack (MET)



==========================================================================
global route report_checks -unconstrained
--------------------------------------------------------------------------
Startpoint: A[2] (input port clocked by core_clock)
Endpoint: Co (output port clocked by core_clock)
Path Group: core_clock
Path Type: max

Fanout     Cap    Slew   Delay    Time   Description
-----------------------------------------------------------------------------
                  0.00    0.00    0.00   clock core_clock (rise edge)
                          0.00    0.00   clock network delay (ideal)
                         25.00   25.00 ^ input external delay
     1    0.01    0.00    0.00   25.00 ^ A[2] (in)
                                         A[2] (net)
                  0.00    0.00   25.00 ^ input23/A (sg13g2_buf_1)
     4    0.02    0.07    0.09   25.09 ^ input23/X (sg13g2_buf_1)
                                         net23 (net)
                  0.07    0.00   25.09 ^ _247_/B (sg13g2_xor2_1)
     2    0.01    0.10    0.15   25.23 ^ _247_/X (sg13g2_xor2_1)
                                         _034_ (net)
                  0.10    0.00   25.23 ^ _248_/C (sg13g2_nand3b_1)
     1    0.00    0.07    0.12   25.35 v _248_/Y (sg13g2_nand3b_1)
                                         _035_ (net)
                  0.07    0.00   25.35 v _252_/A2 (sg13g2_o21ai_1)
     6    0.02    0.27    0.25   25.59 ^ _252_/Y (sg13g2_o21ai_1)
                                         _039_ (net)
                  0.27    0.00   25.59 ^ _268_/A1 (sg13g2_a21o_1)
     3    0.02    0.09    0.22   25.81 ^ _268_/X (sg13g2_a21o_1)
                                         _055_ (net)
                  0.09    0.00   25.81 ^ _269_/B2 (sg13g2_a22oi_1)
     2    0.01    0.11    0.11   25.93 v _269_/Y (sg13g2_a22oi_1)
                                         _056_ (net)
                  0.11    0.00   25.93 v _299_/A1 (sg13g2_a21oi_2)
     4    0.02    0.11    0.13   26.06 ^ _299_/Y (sg13g2_a21oi_2)
                                         _086_ (net)
                  0.11    0.00   26.06 ^ _318_/A1 (sg13g2_o21ai_1)
     4    0.02    0.13    0.16   26.22 v _318_/Y (sg13g2_o21ai_1)
                                         _105_ (net)
                  0.13    0.00   26.22 v _327_/A2 (sg13g2_a221oi_1)
     1    0.00    0.13    0.19   26.41 ^ _327_/Y (sg13g2_a221oi_1)
                                         _114_ (net)
                  0.13    0.00   26.41 ^ _335_/A (sg13g2_nor3_1)
     2    0.01    0.06    0.10   26.51 v _335_/Y (sg13g2_nor3_1)
                                         _122_ (net)
                  0.06    0.00   26.51 v _341_/A2 (sg13g2_a21o_1)
     2    0.01    0.05    0.15   26.66 v _341_/X (sg13g2_a21o_1)
                                         _128_ (net)
                  0.05    0.00   26.66 v _343_/A2 (sg13g2_a21oi_1)
     1    0.00    0.06    0.08   26.74 ^ _343_/Y (sg13g2_a21oi_1)
                                         net66 (net)
                  0.06    0.00   26.74 ^ output66/A (sg13g2_buf_1)
     1    0.01    0.03    0.08   26.82 ^ output66/X (sg13g2_buf_1)
                                         Co (net)
                  0.03    0.00   26.82 ^ Co (out)
                                 26.82   data arrival time

                  0.00  125.00  125.00   clock core_clock (rise edge)
                          0.00  125.00   clock network delay (ideal)
                          0.00  125.00   clock reconvergence pessimism
                        -25.00  100.00   output external delay
                                100.00   data required time
-----------------------------------------------------------------------------
                                100.00   data required time
                                -26.82   data arrival time
-----------------------------------------------------------------------------
                                 73.18   slack (MET)



==========================================================================
global route report_check_types -max_slew -max_cap -max_fanout -violators
--------------------------------------------------------------------------

==========================================================================
global route max_slew_check_slack
--------------------------------------------------------------------------
2.2329587936401367

==========================================================================
global route max_slew_check_limit
--------------------------------------------------------------------------
2.5074000358581543

==========================================================================
global route max_slew_check_slack_limit
--------------------------------------------------------------------------
0.8905

==========================================================================
global route max_fanout_check_slack
--------------------------------------------------------------------------
1.0

==========================================================================
global route max_fanout_check_limit
--------------------------------------------------------------------------
8.0

==========================================================================
global route max_fanout_check_slack_limit
--------------------------------------------------------------------------
0.1250

==========================================================================
global route max_capacitance_check_slack
--------------------------------------------------------------------------
0.2735337018966675

==========================================================================
global route max_capacitance_check_limit
--------------------------------------------------------------------------
0.30000001192092896

==========================================================================
global route max_capacitance_check_slack_limit
--------------------------------------------------------------------------
0.9118

==========================================================================
global route max_slew_violation_count
--------------------------------------------------------------------------
max slew violation count 0

==========================================================================
global route max_fanout_violation_count
--------------------------------------------------------------------------
max fanout violation count 0

==========================================================================
global route max_cap_violation_count
--------------------------------------------------------------------------
max cap violation count 0

==========================================================================
global route setup_violation_count
--------------------------------------------------------------------------
setup violation count 0

==========================================================================
global route hold_violation_count
--------------------------------------------------------------------------
hold violation count 0

==========================================================================
global route critical path delay
--------------------------------------------------------------------------
26.8215

==========================================================================
global route critical path slack
--------------------------------------------------------------------------
73.1785

==========================================================================
global route slack div critical path delay
--------------------------------------------------------------------------
272.835225

==========================================================================
global route report_power
--------------------------------------------------------------------------
Group                  Internal  Switching    Leakage      Total
                          Power      Power      Power      Power (Watts)
----------------------------------------------------------------
Sequential             0.00e+00   0.00e+00   0.00e+00   0.00e+00   0.0%
Combinational          3.11e-06   2.99e-06   4.38e-08   6.14e-06 100.0%
Clock                  0.00e+00   0.00e+00   0.00e+00   0.00e+00   0.0%
Macro                  0.00e+00   0.00e+00   0.00e+00   0.00e+00   0.0%
Pad                    0.00e+00   0.00e+00   0.00e+00   0.00e+00   0.0%
----------------------------------------------------------------
Total                  3.11e-06   2.99e-06   4.38e-08   6.14e-06 100.0%
                          50.6%      48.7%       0.7%
