OpenROAD v2.0-19249-geafd19f93 
Features included (+) or not (-): +GPU +GUI +Python
This program is licensed under the BSD-3 license. See the LICENSE file for details.
Components of this program may be licensed under more restrictive licenses which must be honored.
[INFO ORD-0030] Using 8 thread(s).
Placement Analysis
---------------------------------
total displacement       1375.7 u
average displacement        4.0 u
max displacement           21.5 u
original HPWL            6861.9 u
legalized HPWL           8229.2 u
delta HPWL                   20 %

Detailed placement improvement.
Importing netlist into detailed improver.
[INFO DPO-0100] Creating network with 343 cells, 98 terminals, 408 edges, 1131 pins, and 0 blockages.
[INFO DPO-0109] Network stats: inst 441, edges 408, pins 1131
[INFO DPO-0110] Number of regions is 1
[INFO DPO-0401] Setting random seed to 1.
[INFO DPO-0402] Setting maximum displacement 5 1 to 18900 3780 units.
[INFO DPO-0320] Collected 98 fixed cells.
[INFO DPO-0318] Collected 343 single height cells.
[INFO DPO-0321] Collected 0 wide cells.
[INFO DPO-0322] Image (20160, 22680) - (99840, 98280)
[INFO DPO-0310] Assigned 343 cells into segments.  Movement in X-direction is 0.000000, movement in Y-direction is 0.000000.
[INFO DPO-0313] Found 0 cells in wrong regions.
[INFO DPO-0315] Found 0 row alignment problems.
[INFO DPO-0314] Found 0 site alignment problems.
[INFO DPO-0311] Found 0 overlaps between adjacent cells.
[INFO DPO-0312] Found 0 edge spacing violations and 0 padding violations.
[INFO DPO-0303] Running algorithm for independent set matching.
[INFO DPO-0300] Set matching objective is wirelength.
[INFO DPO-0301] Pass   1 of matching; objective is 8.244265e+06.
[INFO DPO-0302] End of matching; objective is 8.203070e+06, improvement is 0.50 percent.
[INFO DPO-0303] Running algorithm for global swaps.
[INFO DPO-0306] Pass   1 of global swaps; hpwl is 8.002338e+06.
[INFO DPO-0306] Pass   2 of global swaps; hpwl is 7.976755e+06.
[INFO DPO-0307] End of global swaps; objective is 7.976755e+06, improvement is 2.76 percent.
[INFO DPO-0303] Running algorithm for vertical swaps.
[INFO DPO-0308] Pass   1 of vertical swaps; hpwl is 7.889308e+06.
[INFO DPO-0308] Pass   2 of vertical swaps; hpwl is 7.878480e+06.
[INFO DPO-0309] End of vertical swaps; objective is 7.878480e+06, improvement is 1.23 percent.
[INFO DPO-0303] Running algorithm for reordering.
[INFO DPO-0304] Pass   1 of reordering; objective is 7.723335e+06.
[INFO DPO-0304] Pass   2 of reordering; objective is 7.704088e+06.
[INFO DPO-0305] End of reordering; objective is 7.704088e+06, improvement is 2.21 percent.
[INFO DPO-0303] Running algorithm for random improvement.
[INFO DPO-0324] Random improver is using displacement generator.
[INFO DPO-0325] Random improver is using hpwl objective.
[INFO DPO-0326] Random improver cost string is (a).
[INFO DPO-0332] End of pass, Generator displacement called 6860 times.
[INFO DPO-0335] Generator displacement, Cumulative attempts 6860, swaps 2116, moves  1147 since last reset.
[INFO DPO-0333] End of pass, Objective hpwl, Initial cost 7.704088e+06, Scratch cost 7.544750e+06, Incremental cost 7.544750e+06, Mismatch? N
[INFO DPO-0338] End of pass, Total cost is 7.544750e+06.
[INFO DPO-0327] Pass   1 of random improver; improvement in cost is 2.07 percent.
[INFO DPO-0332] End of pass, Generator displacement called 6860 times.
[INFO DPO-0335] Generator displacement, Cumulative attempts 13720, swaps 4156, moves  2356 since last reset.
[INFO DPO-0333] End of pass, Objective hpwl, Initial cost 7.544750e+06, Scratch cost 7.496078e+06, Incremental cost 7.496078e+06, Mismatch? N
[INFO DPO-0338] End of pass, Total cost is 7.496078e+06.
[INFO DPO-0327] Pass   2 of random improver; improvement in cost is 0.65 percent.
[INFO DPO-0328] End of random improver; improvement is 2.699995 percent.
[INFO DPO-0380] Cell flipping.
[INFO DPO-0382] Changed 171 cell orientations for row compatibility.
[INFO DPO-0383] Performed 119 cell flips.
[INFO DPO-0384] End of flipping; objective is 7.401712e+06, improvement is 1.26 percent.
[INFO DPO-0313] Found 0 cells in wrong regions.
[INFO DPO-0315] Found 0 row alignment problems.
[INFO DPO-0314] Found 0 site alignment problems.
[INFO DPO-0311] Found 0 overlaps between adjacent cells.
[INFO DPO-0312] Found 0 edge spacing violations and 0 padding violations.
Detailed Improvement Results
------------------------------------------
Original HPWL             8229.2 u
Final HPWL                7308.7 u
Delta HPWL                 -11.2 %

[INFO DPL-0020] Mirrored 16 instances
[INFO DPL-0021] HPWL before            7308.7 u
[INFO DPL-0022] HPWL after             7307.2 u
[INFO DPL-0023] HPWL delta               -0.0 %
[INFO FLW-0012] Placement violations .
Report metrics stage 3, detailed place...
No registers in design

==========================================================================
detailed place report_design_area
--------------------------------------------------------------------------
Design area 3286 u^2 55% utilization.
Elapsed time: 0:00.24[h:]min:sec. CPU time: user 0.20 sys 0.01 (93%). Peak memory: 108176KB.
